<?xml version="1.0" encoding="UTF-8"?>
<!-- Generated by org.testng.reporters.JUnitReportReporter -->
<testsuite hostname="LAPTOP-71D16QSE" failures="0" tests="3" name="qaclickacademy.RestAPITest" time="0.004" errors="0" timestamp="2021-08-17T11:11:32 IST" skipped="0">
  <testcase classname="qaclickacademy.RestAPITest" name="RestMethod2" time="0.002"/>
  <system-out/>
  <testcase classname="qaclickacademy.RestAPITest" name="RestMethod3" time="0.001"/>
  <system-out/>
  <testcase classname="qaclickacademy.RestAPITest" name="RestMethod1" time="0.001"/>
  <system-out/>
</testsuite> <!-- qaclickacademy.RestAPITest -->
