<?xml version="1.0" encoding="UTF-8"?>
<!-- Generated by org.testng.reporters.JUnitReportReporter -->
<testsuite hostname="LAPTOP-71D16QSE" failures="0" tests="3" name="qaclickacademy.SeleniumTest" time="0.006" errors="0" timestamp="2021-08-18T13:04:51 IST" skipped="0">
  <testcase classname="qaclickacademy.SeleniumTest" name="SeleniumMethod2" time="0.002"/>
  <system-out/>
  <testcase classname="qaclickacademy.SeleniumTest" name="SeleniumMethod3" time="0.002"/>
  <system-out/>
  <testcase classname="qaclickacademy.SeleniumTest" name="SeleniumMethod1" time="0.002"/>
  <system-out/>
</testsuite> <!-- qaclickacademy.SeleniumTest -->
