<?xml version="1.0" encoding="UTF-8"?>
<!-- Generated by org.testng.reporters.JUnitReportReporter -->
<testsuite hostname="LAPTOP-71D16QSE" failures="0" tests="3" name="qaclickacademy.AppiumTest" time="0.021" errors="0" timestamp="2021-08-18T13:04:51 IST" skipped="0">
  <testcase classname="qaclickacademy.AppiumTest" name="AppiMethod1" time="0.016"/>
  <system-out/>
  <testcase classname="qaclickacademy.AppiumTest" name="AppiMethod2" time="0.003"/>
  <system-out/>
  <testcase classname="qaclickacademy.AppiumTest" name="AppiMethod3" time="0.002"/>
  <system-out/>
</testsuite> <!-- qaclickacademy.AppiumTest -->
