<?xml version="1.0" encoding="UTF-8"?>
<!-- Generated by org.testng.reporters.JUnitReportReporter -->
<testsuite hostname="LAPTOP-71D16QSE" failures="0" tests="3" name="qaclickacademy.SeleniumTest" time="0.001" errors="0" timestamp="18 Aug 2021 07:35:16 GMT" skipped="0">
  <testcase classname="qaclickacademy.SeleniumTest" name="SeleniumMethod1" time="0.001"/>
  <testcase classname="qaclickacademy.SeleniumTest" name="SeleniumMethod3" time="0.000"/>
  <testcase classname="qaclickacademy.SeleniumTest" name="SeleniumMethod2" time="0.000"/>
</testsuite> <!-- qaclickacademy.SeleniumTest -->
