<?xml version="1.0" encoding="UTF-8"?>
<!-- Generated by org.testng.reporters.JUnitReportReporter -->
<testsuite hostname="LAPTOP-71D16QSE" failures="0" tests="3" name="qaclickacademy.RestAPITest" time="0.001" errors="0" timestamp="18 Aug 2021 07:34:24 GMT" skipped="0">
  <testcase classname="qaclickacademy.RestAPITest" name="RestMethod3" time="0.000"/>
  <testcase classname="qaclickacademy.RestAPITest" name="RestMethod1" time="0.000"/>
  <testcase classname="qaclickacademy.RestAPITest" name="RestMethod2" time="0.001"/>
</testsuite> <!-- qaclickacademy.RestAPITest -->
